"../../../../Material/Content/MyGameModeBase.uasset" 0
"../../../../Material/Content/StarterContent/Materials/M_Basic_Wall.uasset" 1
"../../../../Material/Content/StarterContent/Architecture/Pillar_50x500.uasset" 2
"../../../../Material/Content/StarterContent/Architecture/Wall_400x300.uasset" 3
"../../../../Material/Content/StarterContent/Architecture/Wall_400x400.uasset" 4
"../../../../Material/Content/StarterContent/Architecture/Wall_500x500.uasset" 5
"../../../../Material/Content/StarterContent/Architecture/Wall_Door_400x400.uasset" 6
"../../../../Material/Content/StarterContent/Architecture/Wall_Window_400x400.uasset" 7
"../../../../Material/Content/StarterContent/Audio/Collapse01.uasset" 8
"../../../../Material/Content/StarterContent/Audio/Collapse02.uasset" 9
"../../../../Material/Content/StarterContent/Audio/Explosion01.uasset" 10
"../../../../Material/Content/StarterContent/Audio/Explosion02.uasset" 11
"../../../../Material/Content/StarterContent/Audio/Fire01.uasset" 12
"../../../../Material/Content/StarterContent/Audio/Fire_Sparks01.uasset" 13
"../../../../Material/Content/StarterContent/Audio/Light01.uasset" 14
"../../../../Material/Content/StarterContent/Audio/Light01_Cue.uasset" 15
"../../../../Material/Content/StarterContent/Audio/Light02.uasset" 16
"../../../../Material/Content/StarterContent/Audio/Light02_Cue.uasset" 17
"../../../../Material/Content/StarterContent/Audio/Smoke01.uasset" 18
"../../../../Material/Content/StarterContent/Audio/Starter_Music01.uasset" 19
"../../../../Material/Content/StarterContent/Audio/Steam01.uasset" 20
"../../../../Material/Content/StarterContent/Audio/Explosion_Cue.uasset" 21
"../../../../Material/Content/StarterContent/Textures/T_Burst_M.uasset" 22
"../../../../Material/Content/StarterContent/Particles/Materials/M_Burst.uasset" 23
"../../../../Material/Content/StarterContent/Textures/T_Explosion_SubUV.uasset" 24
"../../../../Material/Content/StarterContent/Particles/Materials/M_explosion_subUV.uasset" 25
"../../../../Material/Content/StarterContent/Particles/Materials/m_flare_01.uasset" 26
"../../../Engine/Content/Functions/Engine_MaterialFunctions01/Gradient/RadialGradient.uasset" 27
"../../../../Material/Content/StarterContent/Particles/Materials/M_radial_ramp.uasset" 28
"../../../../Material/Content/StarterContent/Textures/T_Smoke_SubUV.uasset" 29
"../../../../Material/Content/StarterContent/Textures/T_Smoke_Tiled_D.uasset" 30
"../../../../Material/Content/StarterContent/Particles/Materials/M_smoke_subUV.uasset" 31
"../../../../Material/Content/StarterContent/Particles/P_Explosion.uasset" 32
"../../../../Material/Content/StarterContent/Blueprints/Blueprint_Effect_Explosion.uasset" 33
"../../../Engine/Content/EditorMeshes/ColorCalibrator/T_ColorGrid.uasset" 34
"../../../../Material/Content/StarterContent/Materials/M_ColorGrid_LowSpec.uasset" 35
"../../../../Material/Content/StarterContent/Textures/T_Bush_D.uasset" 36
"../../../../Material/Content/StarterContent/Textures/T_Bush_N.uasset" 37
"../../../../Material/Content/StarterContent/Props/Materials/M_Bush.uasset" 38
"../../../../Material/Content/StarterContent/Props/SM_Bush.uasset" 39
"../../../../Material/Content/StarterContent/Textures/T_Chair_M.uasset" 40
"../../../../Material/Content/StarterContent/Textures/T_Chair_N.uasset" 41
"../../../../Material/Content/StarterContent/Props/Materials/M_Chair.uasset" 42
"../../../../Material/Content/StarterContent/Props/SM_Couch.uasset" 43
"../../../../Material/Content/StarterContent/Materials/M_Glass.uasset" 44
"../../../../Material/Content/StarterContent/Textures/T_Door_M.uasset" 45
"../../../../Material/Content/StarterContent/Textures/T_Door_N.uasset" 46
"../../../../Material/Content/StarterContent/Props/Materials/M_Door.uasset" 47
"../../../../Material/Content/StarterContent/Props/SM_Door.uasset" 48
"../../../../Material/Content/StarterContent/Props/Materials/M_MaterialSphere.uasset" 49
"../../../../Material/Content/StarterContent/Props/Materials/M_MaterialSphere_Plain.uasset" 50
"../../../../Material/Content/StarterContent/Props/SM_MatPreviewMesh_02.uasset" 51
"../../../Engine/Content/Functions/Engine_MaterialFunctions02/Utility/BlendAngleCorrectedNormals.uasset" 52
"../../../../Material/Content/StarterContent/Textures/T_Detail_Rocky_N.uasset" 53
"../../../../Material/Content/StarterContent/Textures/T_Rock_Basalt_D.uasset" 54
"../../../../Material/Content/StarterContent/Textures/T_RockMesh_M.uasset" 55
"../../../../Material/Content/StarterContent/Textures/T_RockMesh_N.uasset" 56
"../../../../Material/Content/StarterContent/Props/Materials/M_Rock.uasset" 57
"../../../../Material/Content/StarterContent/Props/SM_Rock.uasset" 58
"../../../../Material/Content/StarterContent/Textures/T_Shelf_M.uasset" 59
"../../../../Material/Content/StarterContent/Textures/T_Shelf_N.uasset" 60
"../../../../Material/Content/StarterContent/Props/Materials/M_Shelf.uasset" 61
"../../../../Material/Content/StarterContent/Props/SM_Shelf.uasset" 62
"../../../../Material/Content/StarterContent/Materials/M_Basic_Floor.uasset" 63
"../../../../Material/Content/StarterContent/Props/SM_Stairs.uasset" 64
"../../../../Material/Content/StarterContent/Shapes/Shape_Cone.uasset" 65
"../../../../Material/Content/StarterContent/Shapes/Shape_Cylinder.uasset" 66
"../../../../Material/Content/StarterContent/Shapes/Shape_NarrowCapsule.uasset" 67
"../../../../Material/Content/StarterContent/Shapes/Shape_Pipe.uasset" 68
"../../../../Material/Content/StarterContent/Shapes/Shape_Pipe_180.uasset" 69
"../../../../Material/Content/StarterContent/Shapes/Shape_Pipe_90.uasset" 70
"../../../../Material/Content/StarterContent/Shapes/Shape_Plane.uasset" 71
"../../../../Material/Content/StarterContent/Shapes/Shape_Torus.uasset" 72
"../../../../Material/Content/StarterContent/Shapes/Shape_Trim.uasset" 73
"../../../../Material/Content/StarterContent/Shapes/Shape_Trim_90_In.uasset" 74
"../../../../Material/Content/StarterContent/Shapes/Shape_Trim_90_Out.uasset" 75
"../../../../Material/Content/StarterContent/Shapes/Shape_TriPyramid.uasset" 76
"../../../../Material/Content/StarterContent/Shapes/Shape_Tube.uasset" 77
"../../../../Material/Content/StarterContent/Shapes/Shape_Wedge_A.uasset" 78
"../../../../Material/Content/StarterContent/Shapes/Shape_Wedge_B.uasset" 79
"../../../../Material/Content/StarterContent/Shapes/Shape_WideCapsule.uasset" 80
"../../../Engine/Content/Functions/Engine_MaterialFunctions01/Opacity/CameraDepthFade.uasset" 81
"../../../Engine/Content/EngineMaterials/T_Default_Material_Grid_M.uasset" 82
"../../../Engine/Content/EngineMaterials/T_Default_Material_Grid_N.uasset" 83
"../../../Engine/Content/EngineMaterials/DefaultMaterial.uasset" 84
"../../../Engine/Content/BasicShapes/Cone.uasset" 85
"../../../Engine/Content/EngineMaterials/WorldGridMaterial.uasset" 86
"../../../Engine/Content/BasicShapes/Cube.uasset" 87
"../../../Engine/Content/BasicShapes/Cylinder.uasset" 88
"../../../Engine/Content/BasicShapes/Plane.uasset" 89
"../../../Engine/Content/EditorLandscapeResources/DataLayer.uasset" 90
"../../../Engine/Content/EditorMaterials/GizmoMaterial.uasset" 91
"../../../Engine/Content/EditorMaterials/MAT_Groups_Toggle.uasset" 92
"../../../Engine/Content/EditorMaterials/MAT_Groups_Visibility.uasset" 93
"../../../Engine/Content/EditorMaterials/PreviewShadowIndicator.uasset" 94
"../../../Engine/Content/EditorMaterials/PreviewShadowIndicatorMaterial.uasset" 95
"../../../Engine/Content/EditorMaterials/MatineeGroups/MAT_ColorTrack.uasset" 96
"../../../Engine/Content/EditorMaterials/MatineeGroups/MAT_Groups_Anim.uasset" 97
"../../../Engine/Content/EditorMaterials/MatineeGroups/MAT_Groups_AudioMaster.uasset" 98
"../../../Engine/Content/EditorMaterials/MatineeGroups/MAT_Groups_Director.uasset" 99
"../../../Engine/Content/EditorMaterials/MatineeGroups/MAT_Groups_Event.uasset" 100
"../../../Engine/Content/EditorMaterials/MatineeGroups/MAT_Groups_Fade.uasset" 101
"../../../Engine/Content/EditorMaterials/MatineeGroups/MAT_Groups_Float.uasset" 102
"../../../Engine/Content/EditorMaterials/MatineeGroups/MAT_Groups_Move.uasset" 103
"../../../Engine/Content/EditorMaterials/MatineeGroups/MAT_Groups_Slomo.uasset" 104
"../../../Engine/Content/EditorMaterials/MatineeGroups/MAT_Groups_Sound.uasset" 105
"../../../Engine/Content/EditorMaterials/MatineeGroups/MAT_Groups_Vector.uasset" 106
"../../../Engine/Content/EditorMaterials/ParticleSystems/PSysThumbnail_NoImage.uasset" 107
"../../../Engine/Content/EditorMaterials/ParticleSystems/PSysThumbnail_OOD.uasset" 108
"../../../Engine/Content/EditorMaterials/Camera/CineMat.uasset" 109
"../../../Engine/Content/EditorMaterials/Camera/MI_CineMat_Rig.uasset" 110
"../../../Engine/Content/EditorMeshes/Camera/SM_CraneRig_Arm.uasset" 111
"../../../Engine/Content/EditorMeshes/Camera/SM_CraneRig_Base.uasset" 112
"../../../Engine/Content/EditorMeshes/Camera/SM_CraneRig_Body.uasset" 113
"../../../Engine/Content/EditorMeshes/Camera/SM_CraneRig_Mount.uasset" 114
"../../../Engine/Content/EditorMeshes/Camera/SM_RailRig_Mount.uasset" 115
"../../../Engine/Content/EditorMeshes/Camera/SM_RailRig_Track.uasset" 116
"../../../Engine/Content/EditorResources/BSPVertex.uasset" 117
"../../../Engine/Content/EditorResources/EmptyActor.uasset" 118
"../../../Engine/Content/EditorResources/S_Actor.uasset" 119
"../../../Engine/Content/EditorResources/S_Trigger.uasset" 120
"../../../Engine/Content/EditorResources/AudioIcons/S_AudioComponent.uasset" 121
"../../../Engine/Content/EditorResources/AudioIcons/S_AudioComponent_AutoActivate.uasset" 122
"../../../Engine/Content/EditorResources/LightIcons/S_LightError.uasset" 123
"../../../Engine/Content/EditorResources/SequenceRecorder/Countdown.uasset" 124
"../../../Engine/Content/EditorResources/SequenceRecorder/RecordingIndicator.uasset" 125
"../../../Engine/Content/EditorSounds/Notifications/CompileFailed.uasset" 126
"../../../Engine/Content/EditorSounds/Notifications/CompileFailed_Cue.uasset" 127
"../../../Engine/Content/EditorSounds/Notifications/CompileSuccess.uasset" 128
"../../../Engine/Content/EditorSounds/Notifications/CompileStart_Cue.uasset" 129
"../../../Engine/Content/EditorSounds/Notifications/CompileSuccess_Cue.uasset" 130
"../../../Engine/Content/EngineDamageTypes/DmgTypeBP_Environmental.uasset" 131
"../../../Engine/Content/EngineDebugMaterials/HeatmapGradient.uasset" 132
"../../../Engine/Content/EngineDebugMaterials/BoneWeightMaterial.uasset" 133
"../../../Engine/Content/EngineDebugMaterials/ClothMaterial.uasset" 134
"../../../Engine/Content/EngineDebugMaterials/ClothMaterial_WF.uasset" 135
"../../../Engine/Content/EngineDebugMaterials/DebugEditorMaterial.uasset" 136
"../../../Engine/Content/EngineDebugMaterials/DebugMeshMaterial.uasset" 137
"../../../Engine/Content/EngineDebugMaterials/GeomMaterial.uasset" 138
"../../../Engine/Content/EngineFonts/Faces/RobotoBold.uasset" 139
"../../../Engine/Content/EngineFonts/Faces/RobotoBoldItalic.uasset" 140
"../../../Engine/Content/EngineFonts/Faces/RobotoItalic.uasset" 141
"../../../Engine/Content/EngineFonts/Faces/RobotoLight.uasset" 142
"../../../Engine/Content/EngineFonts/Faces/RobotoRegular.uasset" 143
"../../../Engine/Content/EngineFonts/Roboto.uasset" 144
"../../../Engine/Content/EngineFonts/Faces/RobotoTiny.uasset" 145
"../../../Engine/Content/EngineFonts/RobotoTiny.uasset" 146
"../../../Engine/Content/EngineMaterials/DefaultBloomKernel.uasset" 147
"../../../Engine/Content/EngineMaterials/DefaultBokeh.uasset" 148
"../../../Engine/Content/EngineMaterials/DefaultDiffuse.uasset" 149
"../../../Engine/Content/EngineMaterials/DefaultDeferredDecalMaterial.uasset" 150
"../../../Engine/Content/EngineMaterials/DefaultLightFunctionMaterial.uasset" 151
"../../../Engine/Content/EngineMaterials/DefaultPhysicalMaterial.uasset" 152
"../../../Engine/Content/Functions/Engine_MaterialFunctions02/Utility/BreakOutFloat2Components.uasset" 153
"../../../Engine/Content/EngineMaterials/DefaultPostProcessMaterial.uasset" 154
"../../../Engine/Content/EngineFonts/RobotoDistanceField.uasset" 155
"../../../Engine/Content/EngineMaterials/DefaultTextMaterialOpaque.uasset" 156
"../../../Engine/Content/EngineMaterials/DefaultWhiteGrid.uasset" 157
"../../../Engine/Content/EngineMaterials/EditorBrushMaterial.uasset" 158
"../../../Engine/Content/EngineMaterials/Good64x64TilingNoiseHighFreq.uasset" 159
"../../../Engine/Content/EngineMaterials/MiniFont.uasset" 160
"../../../Engine/Content/EngineMaterials/InvalidLightmapSettings.uasset" 161
"../../../Engine/Content/EngineMaterials/M_InvalidLightmapSettings.uasset" 162
"../../../Engine/Content/Functions/Engine_MaterialFunctions02/WorldPositionOffset/CameraOffset.uasset" 163
"../../../Engine/Content/EngineMaterials/PhAT_JointLimitMaterial.uasset" 164
"../../../Engine/Content/EngineMaterials/PreintegratedSkinBRDF.uasset" 165
"../../../Engine/Content/EngineMaterials/RemoveSurfaceMaterial.uasset" 166
"../../../Engine/Content/EngineMaterials/WeightMapPlaceholderTexture.uasset" 167
"../../../Engine/Content/EngineResources/WhiteSquareTexture.uasset" 168
"../../../Engine/Content/EngineMaterials/Widget3DPassThrough.uasset" 169
"../../../Engine/Content/EngineMaterials/Widget3DPassThrough_Masked.uasset" 170
"../../../Engine/Content/EngineMaterials/Widget3DPassThrough_Opaque.uasset" 171
"../../../Engine/Content/EngineMaterials/Widget3DPassThrough_Masked_OneSided.uasset" 172
"../../../Engine/Content/EngineMaterials/Widget3DPassThrough_Opaque_OneSided.uasset" 173
"../../../Engine/Content/EngineMaterials/Widget3DPassThrough_Translucent.uasset" 174
"../../../Engine/Content/EngineMaterials/Widget3DPassThrough_Translucent_OneSided.uasset" 175
"../../../Engine/Content/EngineMeshes/Cube.uasset" 176
"../../../Engine/Content/EngineMeshes/Cylinder.uasset" 177
"../../../Engine/Content/EngineMeshes/Sphere.uasset" 178
"../../../Engine/Content/EngineResources/Black.uasset" 179
"../../../Engine/Content/EngineResources/DefaultTexture.uasset" 180
"../../../Engine/Content/EngineResources/DefaultTextureCube.uasset" 181
"../../../Engine/Content/EngineResources/GradientTexture0.uasset" 182
"../../../Engine/Content/EngineSounds/Master.uasset" 183
"../../../Engine/Content/Functions/Engine_MaterialFunctions01/Shading/ConvertFromDiffSpec.uasset" 184
"../../../Engine/Content/Functions/Engine_MaterialFunctions01/Shading/PowerToRoughness.uasset" 185
"../../../Engine/Content/Maps/Templates/Thumbnails/Default.uasset" 186
"../../../Engine/Content/Maps/Templates/Thumbnails/VR-Basic.uasset" 187
"../../../Engine/Content/MobileResources/T_MobileControls_texture.uasset" 188
"../../../Engine/Content/MobileResources/T_MobileMenu2.uasset" 189
"../../../Engine/Content/MobileResources/HUD/AnalogHat.uasset" 190
"../../../Engine/Content/MobileResources/HUD/VirtualJoystick_Background.uasset" 191
"../../../Engine/Content/MobileResources/HUD/VirtualJoystick_Thumb.uasset" 192
"../../../Engine/Content/MobileResources/HUD/DefaultVirtualJoysticks.uasset" 193
"../../../Engine/Content/MobileResources/HUD/LeftVirtualJoystickOnly.uasset" 194
"../../../Engine/Content/MobileResources/HUD/MobileHUDButton1_off.uasset" 195
"../../../Engine/Content/MobileResources/HUD/MobileHUDButton1_on.uasset" 196
"../../../Engine/Content/MobileResources/HUD/MobileHUDButton2_off.uasset" 197
"../../../Engine/Content/MobileResources/HUD/MobileHUDButton2_on.uasset" 198
"../../../Engine/Content/MobileResources/HUD/MobileHUDButton3.uasset" 199
"../../../Engine/Content/MobileResources/HUD/MobileHUDButtonFire.uasset" 200
"../../../Engine/Content/MobileResources/HUD/MobileHUDDirectionPad.uasset" 201
"../../../Engine/Content/MobileResources/HUD/MobileHUDDirectionPad2.uasset" 202
"../../../Engine/Content/MobileResources/HUD/MobileHUDDirectionPad3.uasset" 203
"../../../Engine/Content/MobileResources/HUD/MobileHUDDirectionStick.uasset" 204
"../../../Engine/Content/MobileResources/HUD/T_Castle_ThumbstickInner.uasset" 205
"../../../Engine/Content/MobileResources/HUD/T_Castle_ThumbstickOutter.uasset" 206
"../../../Engine/Content/Tutorial/ContentIntroCurve.uasset" 207
"../../../Engine/Content/Tutorial/Basics/TutorialAssets/icon_tab_Levels_40x.uasset" 208
"../../../Engine/Content/Tutorial/BlueprintTutorials/TutorialAssets/BlueprintInterface_64x.uasset" 209
"../../../Engine/Content/Tutorial/BlueprintTutorials/TutorialAssets/BlueprintMacroLibrary_64x.uasset" 210
"../../../Engine/Content/Tutorial/BlueprintTutorials/TutorialAssets/Blueprint_64x.uasset" 211
"../../../Engine/Content/Tutorial/BlueprintTutorials/TutorialAssets/Tutorial_BP_Interface.uasset" 212
"../../../Engine/Content/Tutorial/Foliage/TutorialAssets/Foliage.uasset" 213
"../../../Engine/Content/Tutorial/Landscape/TutorialAssets/Landscape.uasset" 214
"../../../Engine/Content/Tutorial/Mobile/TutorialAssets/android_Icon.uasset" 215
"../../../Engine/Content/Tutorial/Mobile/TutorialAssets/IOS.uasset" 216
"../../../Engine/Content/Tutorial/Paper2D/TutorialAssets/Paper2DFlipbook_TutorialIcon.uasset" 217
"../../../Engine/Content/Tutorial/Paper2D/TutorialAssets/Paper2DSprite_TutorialIcon.uasset" 218
"../../../Engine/Content/Tutorial/SubEditors/TutorialAssets/icon_Editor_Preferences_General_40x.uasset" 219
"../../../Engine/Content/Tutorial/SubEditors/TutorialAssets/icon_ShowSkeletalMeshes_40x.uasset" 220
"../../../Engine/Content/Tutorial/SubEditors/TutorialAssets/TutorialMaterial.uasset" 221
"../../../Engine/Content/Tutorial/SubEditors/TutorialAssets/T_SmokeSubUV_8X8.uasset" 222
"../../../Engine/Content/Tutorial/SubEditors/TutorialAssets/T_soft_smoke.uasset" 223
"../../../Engine/Content/Tutorial/SubEditors/TutorialAssets/M_smoke_subUV_blackbody.uasset" 224
"../../../Engine/Content/Tutorial/SubEditors/TutorialAssets/TutorialParticleSystem.uasset" 225
"../../../Engine/Content/VREditor/Devices/Generic/GenericHMDMaterial.uasset" 226
"../../../Engine/Content/VREditor/Devices/Generic/GenericHMD.uasset" 227
"../../../Engine/Content/Functions/Engine_MaterialFunctions02/Utility/BreakOutFloat3Components.uasset" 228
"../../../Engine/Content/VREditor/Devices/Vive/VivePreController_MasksB.uasset" 229
"../../../Engine/Content/VREditor/Devices/Oculus/OculusControllerMaterial.uasset" 230
"../../../Engine/Content/VREditor/Devices/Oculus/OculusControllerMaterial_Inst.uasset" 231
"../../../Engine/Content/VREditor/Devices/Oculus/OculusControllerMesh.uasset" 232
"../../../Engine/Content/VREditor/Devices/Vive/T_VivePreController_EM.uasset" 233
"../../../Engine/Content/VREditor/Devices/Vive/VivePreController_MasksA.uasset" 234
"../../../Engine/Content/VREditor/Devices/Vive/VivePreControllerDiffuse.uasset" 235
"../../../Engine/Content/VREditor/Devices/Vive/VivePreControllerSpec.uasset" 236
"../../../Engine/Content/VREditor/LaserPointer/VR_LaserPower_01.uasset" 237
"../../../Engine/Content/VREditor/Devices/Vive/VivePreControllerMaterial.uasset" 238
"../../../Engine/Content/VREditor/Devices/Vive/VivePreControllerMaterial_Inst.uasset" 239
"../../../Engine/Content/VREditor/Devices/Vive/VivePreControllerMesh.uasset" 240
"../../../Engine/Content/VREditor/FloatingText/LineMaterial.uasset" 241
"../../../Engine/Content/VREditor/FloatingText/JointSphere.uasset" 242
"../../../Engine/Content/VREditor/FloatingText/LineSegmentCylinder.uasset" 243
"../../../Engine/Content/VREditor/Fonts/VRText_RobotoLarge.uasset" 244
"../../../Engine/Content/VREditor/Fonts/VRTextMaterial.uasset" 245
"../../../Engine/Content/VREditor/Fonts/TranslucentVRTextMaterial.uasset" 246
"../../../Engine/Content/VREditor/LaserPointer/CursorPointer.uasset" 247
"../../../Engine/Content/VREditor/TransformGizmo/TransformGizmoMaterial.uasset" 248
"../../../Engine/Content/VREditor/LaserPointer/HoverMaterial.uasset" 249
"../../../Engine/Content/VREditor/TransformGizmo/TranslucentTransformGizmoMaterial.uasset" 250
"../../../Engine/Content/VREditor/LaserPointer/TranslucentHoverMaterial.uasset" 251
"../../../Engine/Content/VREditor/LaserPointer/HoverMesh.uasset" 252
"../../../Engine/Content/VREditor/LaserPointer/LaserPointerMaterial.uasset" 253
"../../../Engine/Content/VREditor/LaserPointer/LaserPointerMaterialInst.uasset" 254
"../../../Engine/Content/VREditor/LaserPointer/TranslucentLaserPointerMaterialInst.uasset" 255
"../../../Engine/Content/VREditor/LaserPointer/LaserPointerMesh.uasset" 256
"../../../Engine/Content/VREditor/LaserPointer/LaserPointerMesh_End.uasset" 257
"../../../Engine/Content/VREditor/LaserPointer/LaserPointerMesh_Start.uasset" 258
"../../../Engine/Content/VREditor/Sounds/VR_teleport.uasset" 259
"../../../Engine/Content/VREditor/Sounds/UI/Click_on_Button.uasset" 260
"../../../Engine/Content/VREditor/Sounds/UI/Click_on_Button_Cue.uasset" 261
"../../../Engine/Content/VREditor/Sounds/UI/Dockable_Window_Close.uasset" 262
"../../../Engine/Content/VREditor/Sounds/UI/Dockable_Window_Drop.uasset" 263
"../../../Engine/Content/VREditor/Sounds/UI/Dockable_Window_Open.uasset" 264
"../../../Engine/Content/VREditor/Sounds/UI/Dockable_Window_Pick_Up.uasset" 265
"../../../Engine/Content/VREditor/Sounds/UI/Drop_Item_From_ContentBrowser.uasset" 266
"../../../Engine/Content/VREditor/Sounds/UI/Floating_UI_Open-001.uasset" 267
"../../../Engine/Content/VREditor/Sounds/UI/Radial_Menu_FadeOut.uasset" 268
"../../../Engine/Content/VREditor/Sounds/UI/Teleport_Mode_Entered.uasset" 269
"../../../Engine/Content/VREditor/Teleport/TeleportDirectionMaterial.uasset" 270
"../../../Engine/Content/VREditor/Teleport/TeleportDirectionMaterial_Inst.uasset" 271
"../../../Engine/Content/VREditor/Teleport/TeleportDirectionMesh.uasset" 272
"../../../Engine/Content/VREditor/TransformGizmo/BoundingBoxCorner.uasset" 273
"../../../Engine/Content/VREditor/TransformGizmo/BoundingBoxEdge.uasset" 274
"../../../Engine/Content/VREditor/TransformGizmo/PlaneTranslationHandle.uasset" 275
"../../../Engine/Content/VREditor/TransformGizmo/Main.uasset" 276
"../../../Engine/Content/VREditor/TransformGizmo/Xray.uasset" 277
"../../../Engine/Content/VREditor/TransformGizmo/SM_Dialog_Close.uasset" 278
"../../../Engine/Content/VREditor/TransformGizmo/SM_Dialog_Move.uasset" 279
"../../../Engine/Content/VREditor/TransformGizmo/SM_Sequencer_Key.uasset" 280
"../../../Engine/Content/VREditor/TransformGizmo/SM_Sequencer_Node.uasset" 281
"../../../Engine/Content/VREditor/TransformGizmo/TransformGizmoMaterial_Inst.uasset" 282
"../../../Engine/Content/VREditor/TransformGizmo/TranslucentTransformGizmoMaterial_Inst.uasset" 283
"../../../Engine/Content/VREditor/Devices/Vive/UE4_Logo.uasset" 284
"../../../Engine/Content/VREditor/UI/M_ContentWindow.uasset" 285
"../../../Engine/Content/VREditor/UI/SM_ContentWindow_01.uasset" 286
"../../../Engine/Content/VREditor/UI/KeyDiskMaterial.uasset" 287
"../../../Engine/Content/VREditor/UI/DiscMaterial.uasset" 288
"../../../Engine/Content/VREditor/UI/SM_Radial_Disk.uasset" 289
"../../../Engine/Content/VREditor/UI/ArrowMaterial.uasset" 290
"../../../Engine/Content/VREditor/UI/SM_Radial_Pointer.uasset" 291
"../../../Engine/Content/VREditor/WorldMovementGrid/SimpleGrid.uasset" 292
"../../../Engine/Content/VREditor/WorldMovementGrid/GridMaterial.uasset" 293
"../../../Engine/Content/Functions/Engine_MaterialFunctions01/Density/ExponentialDensity.uasset" 294
"../../../Engine/Content/VREditor/WorldMovementGrid/GridPostProcess.uasset" 295
"../../../Engine/Content/EditorLandscapeResources/FlattenHeightMat.uasset" 296
"../../../Engine/Content/VREditor/WorldMovementGrid/PlaneMesh.uasset" 297
"../../Plugins/2D/Paper2D/Content/PlaceholderTextures/DummySpriteTexture.uasset" 298
"../../Plugins/2D/Paper2D/Content/DummySprite.uasset" 299
"../../Plugins/2D/Paper2D/Content/DefaultPaperTerrainMaterial.uasset" 300
"../../Plugins/2D/Paper2D/Content/DefaultSpriteMaterial.uasset" 301
"../../Plugins/2D/Paper2D/Content/MaskedUnlitSpriteMaterial.uasset" 302
"../../Plugins/2D/Paper2D/Content/OpaqueUnlitSpriteMaterial.uasset" 303
"../../Plugins/Media/MediaCompositing/Content/DefaultMediaPlaneTexture.uasset" 304
"../../Plugins/Media/MediaCompositing/Content/DefaultMediaPlaneMaterial.uasset" 305
"../../../Engine/Content/Functions/Engine_MaterialFunctions02/Utility/MakeFloat4.uasset" 306
"../../Plugins/Runtime/AppleARKit/Content/ARKitCameraMaterial.uasset" 307
"../../Plugins/Runtime/Oculus/OculusVR/Content/Textures/GearVRController_AO.uasset" 308
"../../Plugins/Runtime/Oculus/OculusVR/Content/Textures/GearVRController_Color.uasset" 309
"../../Plugins/Runtime/Oculus/OculusVR/Content/Textures/GearVRController_Normal.uasset" 310
"../../Plugins/Runtime/Oculus/OculusVR/Content/Materials/GearVRControllerMaterial.uasset" 311
"../../Plugins/Runtime/Oculus/OculusVR/Content/Meshes/GearVrController.uasset" 312
"../../../../Material/Content/StarterContent/Blueprints/Assets/FogBrightnessLUT.uasset" 313
"../../../../Material/Content/StarterContent/Blueprints/Assets/SunlightColorLUT.uasset" 314
"../../../../Material/Content/StarterContent/Blueprints/Assets/M_LightStage_Arrows.uasset" 315
"../../../Engine/Content/MapTemplates/Sky/DaylightAmbientCubemap.uasset" 316
"../../../../Material/Content/StarterContent/Blueprints/Assets/M_LightStage_Skybox_Master.uasset" 317
"../../../../Material/Content/StarterContent/Blueprints/Assets/M_LightStage_Skybox_Black.uasset" 318
"../../../../Material/Content/StarterContent/Blueprints/Assets/M_LightStage_Skybox_HDRI.uasset" 319
"../../../Engine/Content/EditorMaterials/Thumbnails/SkySphereMaterial.uasset" 320
"../../../../Material/Content/StarterContent/Blueprints/Assets/Skybox.uasset" 321
"../../../../Material/Content/StarterContent/Blueprints/Assets/SM_Arrows.uasset" 322
"../../../../Material/Content/StarterContent/HDRI/HDRI_Epic_Courtyard_Daylight.uasset" 323
"../../../../Material/Content/StarterContent/Blueprints/BP_LightStudio.uasset" 324
"../../../../Material/Content/StarterContent/Maps/Advanced_Lighting_BuiltData.uasset" 325
"../../../../Material/Content/StarterContent/Materials/M_AssetPlatform.uasset" 326
"../../../Engine/Content/EditorMeshes/ColorCalibrator/M_ChromeBall.uasset" 327
"../../../Engine/Content/EditorMeshes/ColorCalibrator/M_ClearCoat.uasset" 328
"../../../Engine/Content/EditorMeshes/ColorCalibrator/M_ClearCoatBlack.uasset" 329
"../../../Engine/Content/EditorMeshes/ColorCalibrator/Color_checker.uasset" 330
"../../../Engine/Content/EditorMeshes/ColorCalibrator/M_ColorGrid.uasset" 331
"../../../Engine/Content/EditorMeshes/ColorCalibrator/M_GreyBall.uasset" 332
"../../../Engine/Content/EditorMeshes/ColorCalibrator/SM_ColorCalibrator.uasset" 333
"../../../../Material/Content/StarterContent/Architecture/SM_AssetPlatform.uasset" 334
"../../../../Material/Content/StarterContent/Maps/Advanced_Lighting.umap" 335
"../../../Engine/Content/EditorBlueprintResources/StandardMacros.uasset" 336
"../../../../Material/Content/BallMaterial.uasset" 337
"../../../Engine/Content/BasicShapes/Sphere.uasset" 338
"../../../../Material/Content/Ball.uasset" 339
"../../../../Material/Content/UI.uasset" 340
"../../../../Material/Content/StarterContent/Maps/Minimal_Default_BuiltData.uasset" 341
"../../../../Material/Content/StarterContent/Maps/Minimal_Default.umap" 342
"../../../../Material/Content/StarterContent/Audio/Fire01_Cue.uasset" 343
"../../../../Material/Content/StarterContent/Textures/T_Fire_SubUV.uasset" 344
"../../../../Material/Content/StarterContent/Textures/T_Fire_Tiled_D.uasset" 345
"../../../../Material/Content/StarterContent/Particles/Materials/M_Fire_SubUV.uasset" 346
"../../../../Material/Content/StarterContent/Textures/T_Water_N.uasset" 347
"../../../../Material/Content/StarterContent/Particles/Materials/M_Heat_Distortion.uasset" 348
"../../../../Material/Content/StarterContent/Particles/Materials/M_Radial_Gradient.uasset" 349
"../../../../Material/Content/StarterContent/Particles/P_Fire.uasset" 350
"../../../../Material/Content/StarterContent/Blueprints/Blueprint_Effect_Fire.uasset" 351
"../../../../Material/Content/StarterContent/Audio/Smoke01_Cue.uasset" 352
"../../../../Material/Content/StarterContent/Particles/P_Smoke.uasset" 353
"../../../../Material/Content/StarterContent/Blueprints/Blueprint_Effect_Smoke.uasset" 354
"../../../../Material/Content/StarterContent/Audio/Fire_Sparks01_Cue.uasset" 355
"../../../../Material/Content/StarterContent/Textures/T_Spark_Core.uasset" 356
"../../../../Material/Content/StarterContent/Particles/Materials/M_Spark.uasset" 357
"../../../../Material/Content/StarterContent/Particles/P_Sparks.uasset" 358
"../../../../Material/Content/StarterContent/Blueprints/Blueprint_Effect_Sparks.uasset" 359
"../../../../Material/Content/StarterContent/Audio/Steam01_Cue.uasset" 360
"../../../../Material/Content/StarterContent/Particles/P_Steam_Lit.uasset" 361
"../../../../Material/Content/StarterContent/Blueprints/Blueprint_Effect_Steam.uasset" 362
"../../../Engine/Content/EngineSky/C_Sky_Cloud_Color.uasset" 363
"../../../Engine/Content/EngineSky/C_Sky_Horizon_Color.uasset" 364
"../../../Engine/Content/EngineSky/C_Sky_Zenith_Color.uasset" 365
"../../../Engine/Content/EngineSky/T_Sky_Blue.uasset" 366
"../../../Engine/Content/EngineSky/T_Sky_Clouds_M.uasset" 367
"../../../Engine/Content/EngineSky/T_Sky_Stars.uasset" 368
"../../../Engine/Content/EngineSky/M_Sky_Panning_Clouds2.uasset" 369
"../../../Engine/Content/EngineSky/SM_SkySphere.uasset" 370
"../../../Engine/Content/EngineSky/BP_Sky_Sphere.uasset" 371
"../../../../Material/Content/StarterContent/Textures/T_Lamp_M.uasset" 372
"../../../../Material/Content/StarterContent/Textures/T_Lamp_N.uasset" 373
"../../../../Material/Content/StarterContent/Props/Materials/M_Lamp.uasset" 374
"../../../../Material/Content/StarterContent/Props/SM_Lamp_Ceiling.uasset" 375
"../../../../Material/Content/StarterContent/Blueprints/Blueprint_CeilingLight.uasset" 376
"../../../../Material/Content/StarterContent/Props/SM_Lamp_Wall.uasset" 377
"../../../../Material/Content/StarterContent/Blueprints/Blueprint_WallSconce.uasset" 378
"../../../../Material/Content/StarterContent/Maps/StarterMap_BuiltData.uasset" 379
"../../../Engine/Content/Functions/Engine_MaterialFunctions03/Procedurals/ComputeFilterWidth.uasset" 380
"../../../Engine/Content/EngineMaterials/AntiAliasedTextMaterialTranslucent.uasset" 381
"../../../../Material/Content/StarterContent/Textures/T_Brick_Clay_Beveled_D.uasset" 382
"../../../../Material/Content/StarterContent/Textures/T_Brick_Clay_Beveled_M.uasset" 383
"../../../../Material/Content/StarterContent/Textures/T_Brick_Clay_Beveled_N.uasset" 384
"../../../../Material/Content/StarterContent/Textures/T_MacroVariation.uasset" 385
"../../../../Material/Content/StarterContent/Materials/M_Brick_Clay_Beveled.uasset" 386
"../../../../Material/Content/StarterContent/Textures/T_Brick_Clay_New_D.uasset" 387
"../../../../Material/Content/StarterContent/Textures/T_Brick_Clay_New_M.uasset" 388
"../../../../Material/Content/StarterContent/Textures/T_Brick_Clay_New_N.uasset" 389
"../../../../Material/Content/StarterContent/Materials/M_Brick_Clay_New.uasset" 390
"../../../../Material/Content/StarterContent/Textures/T_Brick_Clay_Old_D.uasset" 391
"../../../../Material/Content/StarterContent/Textures/T_Brick_Clay_Old_N.uasset" 392
"../../../../Material/Content/StarterContent/Textures/T_Perlin_Noise_M.uasset" 393
"../../../../Material/Content/StarterContent/Materials/M_Brick_Clay_Old.uasset" 394
"../../../../Material/Content/StarterContent/Textures/T_Brick_Cut_Stone_D.uasset" 395
"../../../../Material/Content/StarterContent/Textures/T_Brick_Cut_Stone_N.uasset" 396
"../../../../Material/Content/StarterContent/Materials/M_Brick_Cut_Stone.uasset" 397
"../../../../Material/Content/StarterContent/Textures/T_Brick_Hewn_Stone_D.uasset" 398
"../../../../Material/Content/StarterContent/Textures/T_Brick_Hewn_Stone_M.uasset" 399
"../../../../Material/Content/StarterContent/Textures/T_Brick_Hewn_Stone_N.uasset" 400
"../../../../Material/Content/StarterContent/Materials/M_Brick_Hewn_Stone.uasset" 401
"../../../../Material/Content/StarterContent/Textures/T_Ceramic_Tile_M.uasset" 402
"../../../../Material/Content/StarterContent/Textures/T_Ceramic_Tile_N.uasset" 403
"../../../../Material/Content/StarterContent/Textures/T_Rock_Marble_Polished_D.uasset" 404
"../../../../Material/Content/StarterContent/Materials/M_Ceramic_Tile_Checker.uasset" 405
"../../../../Material/Content/StarterContent/Textures/T_CobbleStone_Pebble_D.uasset" 406
"../../../../Material/Content/StarterContent/Textures/T_CobbleStone_Pebble_M.uasset" 407
"../../../../Material/Content/StarterContent/Textures/T_CobbleStone_Pebble_N.uasset" 408
"../../../../Material/Content/StarterContent/Materials/M_CobbleStone_Pebble.uasset" 409
"../../../../Material/Content/StarterContent/Textures/T_CobbleStone_Rough_D.uasset" 410
"../../../../Material/Content/StarterContent/Textures/T_CobbleStone_Rough_N.uasset" 411
"../../../../Material/Content/StarterContent/Textures/T_Gradinet_01.uasset" 412
"../../../../Material/Content/StarterContent/Textures/T_Rock_Smooth_Granite_D.uasset" 413
"../../../../Material/Content/StarterContent/Materials/M_CobbleStone_Rough.uasset" 414
"../../../../Material/Content/StarterContent/Textures/T_CobbleStone_Smooth_D.uasset" 415
"../../../../Material/Content/StarterContent/Textures/T_CobbleStone_Smooth_M.uasset" 416
"../../../../Material/Content/StarterContent/Textures/T_CobbleStone_Smooth_N.uasset" 417
"../../../../Material/Content/StarterContent/Materials/M_CobbleStone_Smooth.uasset" 418
"../../../../Material/Content/StarterContent/Textures/T_Concrete_Grime_D.uasset" 419
"../../../../Material/Content/StarterContent/Textures/T_Metal_Rust_N.uasset" 420
"../../../../Material/Content/StarterContent/Materials/M_Concrete_Grime.uasset" 421
"../../../../Material/Content/StarterContent/Textures/T_Concrete_Panels_D.uasset" 422
"../../../../Material/Content/StarterContent/Textures/T_Concrete_Panels_N.uasset" 423
"../../../../Material/Content/StarterContent/Materials/M_Concrete_Panels.uasset" 424
"../../../../Material/Content/StarterContent/Textures/T_Concrete_Poured_D.uasset" 425
"../../../../Material/Content/StarterContent/Textures/T_Concrete_Poured_N.uasset" 426
"../../../../Material/Content/StarterContent/Materials/M_Concrete_Poured.uasset" 427
"../../../../Material/Content/StarterContent/Textures/T_Concrete_Tiles_D.uasset" 428
"../../../../Material/Content/StarterContent/Textures/T_Concrete_Tiles_M.uasset" 429
"../../../../Material/Content/StarterContent/Textures/T_Concrete_Tiles_N.uasset" 430
"../../../../Material/Content/StarterContent/Textures/T_Concrete_Tiles_Variation_M.uasset" 431
"../../../../Material/Content/StarterContent/Materials/M_Concrete_Tiles.uasset" 432
"../../../../Material/Content/StarterContent/Textures/T_Ground_Grass_D.uasset" 433
"../../../../Material/Content/StarterContent/Textures/T_Ground_Grass_N.uasset" 434
"../../../../Material/Content/StarterContent/Materials/M_Ground_Grass.uasset" 435
"../../../../Material/Content/StarterContent/Textures/T_Ground_Gravel_D.uasset" 436
"../../../../Material/Content/StarterContent/Textures/T_Ground_Gravel_N.uasset" 437
"../../../../Material/Content/StarterContent/Materials/M_Ground_Gravel.uasset" 438
"../../../../Material/Content/StarterContent/Textures/T_ground_Moss_D.uasset" 439
"../../../../Material/Content/StarterContent/Textures/T_Ground_Moss_N.uasset" 440
"../../../../Material/Content/StarterContent/Materials/M_Ground_Moss.uasset" 441
"../../../../Material/Content/StarterContent/Materials/M_Metal_Brushed_Nickel.uasset" 442
"../../../../Material/Content/StarterContent/Textures/T_Metal_Aluminum_D.uasset" 443
"../../../../Material/Content/StarterContent/Textures/T_Metal_Gold_N.uasset" 444
"../../../../Material/Content/StarterContent/Materials/M_Metal_Burnished_Steel.uasset" 445
"../../../../Material/Content/StarterContent/Materials/M_Metal_Chrome.uasset" 446
"../../../../Material/Content/StarterContent/Textures/T_Metal_Copper_D.uasset" 447
"../../../../Material/Content/StarterContent/Materials/M_Metal_Copper.uasset" 448
"../../../../Material/Content/StarterContent/Textures/T_Metal_Gold_D.uasset" 449
"../../../../Material/Content/StarterContent/Materials/M_Metal_Gold.uasset" 450
"../../../../Material/Content/StarterContent/Textures/T_Metal_Rust_D.uasset" 451
"../../../../Material/Content/StarterContent/Materials/M_Metal_Rust.uasset" 452
"../../../../Material/Content/StarterContent/Textures/T_Metal_Steel_D.uasset" 453
"../../../../Material/Content/StarterContent/Textures/T_Metal_Steel_N.uasset" 454
"../../../../Material/Content/StarterContent/Materials/M_Metal_Steel.uasset" 455
"../../../../Material/Content/StarterContent/Textures/T_Rock_Basalt_N.uasset" 456
"../../../../Material/Content/StarterContent/Materials/M_Rock_Basalt.uasset" 457
"../../../../Material/Content/StarterContent/Materials/M_Rock_Marble_Polished.uasset" 458
"../../../../Material/Content/StarterContent/Textures/T_Rock_Sandstone_D.uasset" 459
"../../../../Material/Content/StarterContent/Textures/T_Rock_Sandstone_N.uasset" 460
"../../../../Material/Content/StarterContent/Materials/M_Rock_Sandstone.uasset" 461
"../../../../Material/Content/StarterContent/Textures/T_Rock_Slate_D.uasset" 462
"../../../../Material/Content/StarterContent/Textures/T_Rock_Slate_N.uasset" 463
"../../../../Material/Content/StarterContent/Materials/M_Rock_Slate.uasset" 464
"../../../../Material/Content/StarterContent/Textures/T_Checker_Noise_M.uasset" 465
"../../../../Material/Content/StarterContent/Textures/T_Single_Tile_N.uasset" 466
"../../../../Material/Content/StarterContent/Textures/T_Tech_Dot_M.uasset" 467
"../../../../Material/Content/StarterContent/Textures/T_Tech_Dot_N.uasset" 468
"../../../../Material/Content/StarterContent/Materials/M_Tech_Checker_Dot.uasset" 469
"../../../../Material/Content/StarterContent/Textures/T_Tech_Hex_Tile_M.uasset" 470
"../../../../Material/Content/StarterContent/Textures/T_Tech_Hex_Tile_N.uasset" 471
"../../../../Material/Content/StarterContent/Materials/M_Tech_Hex_Tile.uasset" 472
"../../../../Material/Content/StarterContent/Materials/M_Tech_Hex_Tile_Pulse.uasset" 473
"../../../../Material/Content/StarterContent/Textures/T_Tech_Panel_M.uasset" 474
"../../../../Material/Content/StarterContent/Textures/T_Tech_Panel_N.uasset" 475
"../../../../Material/Content/StarterContent/Materials/M_Tech_Panel.uasset" 476
"../../../../Material/Content/StarterContent/Materials/M_Water_Lake.uasset" 477
"../../../../Material/Content/StarterContent/Textures/T_Water_M.uasset" 478
"../../../../Material/Content/StarterContent/Materials/M_Water_Ocean.uasset" 479
"../../../../Material/Content/StarterContent/Textures/T_Wood_Floor_Walnut_D.uasset" 480
"../../../../Material/Content/StarterContent/Textures/T_Wood_Floor_Walnut_M.uasset" 481
"../../../../Material/Content/StarterContent/Textures/T_Wood_Floor_Walnut_N.uasset" 482
"../../../../Material/Content/StarterContent/Materials/M_Wood_Floor_Walnut_Polished.uasset" 483
"../../../Engine/Content/Functions/Engine_MaterialFunctions01/Opacity/AlphaOffset.uasset" 484
"../../../../Material/Content/StarterContent/Materials/M_Wood_Floor_Walnut_Worn.uasset" 485
"../../../../Material/Content/StarterContent/Textures/T_Wood_Oak_D.uasset" 486
"../../../../Material/Content/StarterContent/Textures/T_Wood_Oak_N.uasset" 487
"../../../../Material/Content/StarterContent/Materials/M_Wood_Oak.uasset" 488
"../../../../Material/Content/StarterContent/Textures/T_Wood_Pine_D.uasset" 489
"../../../../Material/Content/StarterContent/Textures/T_Wood_Pine_N.uasset" 490
"../../../../Material/Content/StarterContent/Materials/M_Wood_Pine.uasset" 491
"../../../../Material/Content/StarterContent/Textures/T_Wood_Walnut_D.uasset" 492
"../../../../Material/Content/StarterContent/Textures/T_Wood_Walnut_N.uasset" 493
"../../../../Material/Content/StarterContent/Materials/M_Wood_Walnut.uasset" 494
"../../../../Material/Content/StarterContent/Architecture/Floor_400x400.uasset" 495
"../../../../Material/Content/StarterContent/Architecture/Wall_400x200.uasset" 496
"../../../../Material/Content/StarterContent/Architecture/Wall_Door_400x300.uasset" 497
"../../../../Material/Content/StarterContent/Architecture/Wall_Window_400x300.uasset" 498
"../../../../Material/Content/StarterContent/Audio/Collapse_Cue.uasset" 499
"../../../../Material/Content/StarterContent/Audio/Starter_Birds01.uasset" 500
"../../../../Material/Content/StarterContent/Audio/Starter_Wind05.uasset" 501
"../../../../Material/Content/StarterContent/Audio/Starter_Wind06.uasset" 502
"../../../../Material/Content/StarterContent/Audio/Starter_Background_Cue.uasset" 503
"../../../../Material/Content/StarterContent/Audio/Starter_Music_Cue.uasset" 504
"../../../../Material/Content/StarterContent/Textures/T_Dust_Particle_D.uasset" 505
"../../../../Material/Content/StarterContent/Particles/Materials/M_Dust_Particle.uasset" 506
"../../../../Material/Content/StarterContent/Particles/P_Ambient_Dust.uasset" 507
"../../../../Material/Content/StarterContent/Props/MaterialSphere.uasset" 508
"../../../../Material/Content/StarterContent/Props/SM_Chair.uasset" 509
"../../../../Material/Content/StarterContent/Textures/T_Frame_M.uasset" 510
"../../../../Material/Content/StarterContent/Textures/T_Frame_N.uasset" 511
"../../../../Material/Content/StarterContent/Props/Materials/M_Frame.uasset" 512
"../../../../Material/Content/StarterContent/Props/SM_CornerFrame.uasset" 513
"../../../../Material/Content/StarterContent/Props/SM_DoorFrame.uasset" 514
"../../../../Material/Content/StarterContent/Props/SM_GlassWindow.uasset" 515
"../../../../Material/Content/StarterContent/Props/SM_PillarFrame.uasset" 516
"../../../../Material/Content/StarterContent/Props/SM_PillarFrame300.uasset" 517
"../../../../Material/Content/StarterContent/Textures/T_Statue_M.uasset" 518
"../../../../Material/Content/StarterContent/Textures/T_Statue_N.uasset" 519
"../../../../Material/Content/StarterContent/Props/Materials/M_Statue.uasset" 520
"../../../../Material/Content/StarterContent/Props/Materials/M_StatueGlass.uasset" 521
"../../../../Material/Content/StarterContent/Props/SM_Statue.uasset" 522
"../../../../Material/Content/StarterContent/Textures/T_TableRound_M.uasset" 523
"../../../../Material/Content/StarterContent/Textures/T_TableRound_N.uasset" 524
"../../../../Material/Content/StarterContent/Props/Materials/M_TableRound.uasset" 525
"../../../../Material/Content/StarterContent/Props/SM_TableRound.uasset" 526
"../../../../Material/Content/StarterContent/Props/SM_WindowFrame.uasset" 527
"../../../../Material/Content/StarterContent/Shapes/Shape_Cube.uasset" 528
"../../../../Material/Content/StarterContent/Shapes/Shape_QuadPyramid.uasset" 529
"../../../../Material/Content/StarterContent/Shapes/Shape_Sphere.uasset" 530
"../../../../Material/Content/StarterContent/Maps/StarterMap.umap" 531
"../../../Engine/Content/Maps/Entry.umap" 532
